npm verbose cli C:\Program Files\nodejs\node.exe C:\Program Files\nodejs\node_modules\npm\bin\npm-cli.js
npm info using npm@10.9.2
npm info using node@v22.15.1
npm verbose title npm install
npm verbose argv "install" "--legacy-peer-deps" "--loglevel" "verbose"
npm verbose logfile logs-max:10 dir:C:\Users\Beatriz S Correa\AppData\Local\npm-cache\_logs\2025-10-20T19_40_25_670Z-
npm verbose logfile C:\Users\Beatriz S Correa\AppData\Local\npm-cache\_logs\2025-10-20T19_40_25_670Z-debug-0.log
npm http fetch GET 404 https://registry.npmjs.org/add-your-npm-package-1-for-test-run-here 187ms (cache skip)
npm http fetch GET 404 https://registry.npmjs.org/add-your-npm-package-2-for-test-run-here 49ms (cache skip)
npm http cache https://registry.npmjs.org/browserstack-cypress-cli 19ms (cache hit)
npm http fetch GET 200 https://registry.npmjs.org/cypress 70ms (cache revalidated)
npm http fetch GET 200 https://registry.npmjs.org/archiver 89ms (cache revalidated)
npm http fetch GET 200 https://registry.npmjs.org/axios 142ms (cache revalidated)
npm http fetch GET 200 https://registry.npmjs.org/async 164ms (cache revalidated)
npm http fetch GET 200 https://registry.npmjs.org/axios-retry 167ms (cache revalidated)
npm http fetch GET 200 https://registry.npmjs.org/browserstack-local 175ms (cache revalidated)
npm http fetch GET 200 https://registry.npmjs.org/decompress 87ms (cache revalidated)
npm http fetch GET 200 https://registry.npmjs.org/cli-progress 180ms (cache revalidated)
npm http fetch GET 200 https://registry.npmjs.org/chalk 189ms (cache revalidated)
npm http fetch GET 200 https://registry.npmjs.org/form-data 70ms (cache revalidated)
npm http fetch GET 200 https://registry.npmjs.org/fs-extra 82ms (cache revalidated)
npm http fetch GET 200 https://registry.npmjs.org/gitconfiglocal 73ms (cache revalidated)
npm http fetch GET 200 https://registry.npmjs.org/glob 75ms (cache revalidated)
npm http fetch GET 200 https://registry.npmjs.org/mkdirp 52ms (cache revalidated)
npm http fetch GET 200 https://registry.npmjs.org/mocha 83ms (cache revalidated)
npm http fetch GET 200 https://registry.npmjs.org/tsc-alias 103ms (cache revalidated)
npm http fetch GET 200 https://registry.npmjs.org/table 121ms (cache revalidated)
npm http fetch GET 200 https://registry.npmjs.org/uuid 72ms (cache revalidated)
npm http fetch GET 200 https://registry.npmjs.org/update-notifier 94ms (cache revalidated)
npm http fetch GET 200 https://registry.npmjs.org/unzipper 109ms (cache revalidated)
npm http fetch GET 200 https://registry.npmjs.org/winston 65ms (cache revalidated)
npm http fetch GET 200 https://registry.npmjs.org/windows-release 77ms (cache revalidated)
npm http fetch GET 200 https://registry.npmjs.org/yargs 73ms (cache revalidated)
npm http fetch GET 200 https://registry.npmjs.org/tmp 64ms (cache revalidated)
npm http fetch GET 200 https://registry.npmjs.org/arch 67ms (cache revalidated)
npm http fetch GET 200 https://registry.npmjs.org/dayjs 56ms (cache revalidated)
npm http fetch GET 200 https://registry.npmjs.org/debug 56ms (cache revalidated)
npm http fetch GET 200 https://registry.npmjs.org/getos 51ms (cache revalidated)
npm http fetch GET 200 https://registry.npmjs.org/execa 66ms (cache revalidated)
npm http fetch GET 200 https://registry.npmjs.org/yauzl 65ms (cache revalidated)
npm http fetch GET 200 https://registry.npmjs.org/buffer 54ms (cache revalidated)
npm http fetch GET 200 https://registry.npmjs.org/listr2 70ms (cache revalidated)
npm http fetch GET 200 https://registry.npmjs.org/ospath 74ms (cache revalidated)
npm http fetch GET 200 https://registry.npmjs.org/semver 64ms (cache revalidated)
npm http fetch GET 200 https://registry.npmjs.org/lodash 98ms (cache revalidated)
npm http fetch GET 200 https://registry.npmjs.org/git-last-commit 682ms (cache revalidated)
npm http fetch GET 200 https://registry.npmjs.org/ci-info 60ms (cache revalidated)
npm http fetch GET 200 https://registry.npmjs.org/figures 51ms (cache revalidated)
npm http fetch GET 200 https://registry.npmjs.org/getmac 735ms (cache revalidated)
npm http fetch GET 200 https://registry.npmjs.org/process 85ms (cache revalidated)
npm http fetch GET 200 https://registry.npmjs.org/git-repo-info 752ms (cache revalidated)
npm http fetch GET 200 https://registry.npmjs.org/node-ipc 683ms (cache revalidated)
npm http fetch GET 200 https://registry.npmjs.org/bluebird 91ms (cache revalidated)
npm http fetch GET 200 https://registry.npmjs.org/cachedir 78ms (cache revalidated)
npm http fetch GET 200 https://registry.npmjs.org/enquirer 86ms (cache revalidated)
npm http fetch GET 200 https://registry.npmjs.org/minimist 78ms (cache revalidated)
npm http fetch GET 200 https://registry.npmjs.org/lazy-ass 87ms (cache revalidated)
npm http fetch GET 200 https://registry.npmjs.org/blob-util 83ms (cache revalidated)
npm http fetch GET 200 https://registry.npmjs.org/tree-kill 71ms (cache revalidated)
npm http fetch GET 200 https://registry.npmjs.org/commander 84ms (cache revalidated)
npm http fetch GET 200 https://registry.npmjs.org/untildify 77ms (cache revalidated)
npm http fetch GET 200 https://registry.npmjs.org/cli-cursor 63ms (cache revalidated)
npm http fetch GET 200 https://registry.npmjs.org/cli-table3 53ms (cache revalidated)
npm http fetch GET 200 https://registry.npmjs.org/executable 76ms (cache revalidated)
npm http fetch GET 200 https://registry.npmjs.org/log-symbols 68ms (cache revalidated)
npm http fetch GET 200 https://registry.npmjs.org/extract-zip 76ms (cache revalidated)
npm http fetch GET 200 https://registry.npmjs.org/common-tags 89ms (cache revalidated)
npm http fetch GET 200 https://registry.npmjs.org/pretty-bytes 73ms (cache revalidated)
npm http fetch GET 200 https://registry.npmjs.org/@cypress%2fxvfb 82ms (cache revalidated)
npm http fetch GET 200 https://registry.npmjs.org/@types%2fsizzle 67ms (cache revalidated)
npm http fetch GET 200 https://registry.npmjs.org/eventemitter2 80ms (cache revalidated)
npm http fetch GET 200 https://registry.npmjs.org/proxy-from-env 88ms (cache revalidated)
npm http fetch GET 200 https://registry.npmjs.org/check-more-types 81ms (cache revalidated)
npm http fetch GET 200 https://registry.npmjs.org/is-installed-globally 70ms (cache revalidated)
npm http fetch GET 200 https://registry.npmjs.org/supports-color 98ms (cache revalidated)
npm http fetch GET 200 https://registry.npmjs.org/@cypress%2frequest 98ms (cache revalidated)
npm http fetch GET 200 https://registry.npmjs.org/request-progress 81ms (cache revalidated)
npm http fetch GET 200 https://registry.npmjs.org/@types%2fsinonjs__fake-timers 84ms (cache revalidated)
npm http fetch GET 200 https://registry.npmjs.org/buffer-crc32 79ms (cache revalidated)
npm http fetch GET 200 https://registry.npmjs.org/readable-stream 88ms (cache revalidated)
npm http fetch GET 200 https://registry.npmjs.org/archiver-utils 96ms (cache revalidated)
npm http fetch GET 200 https://registry.npmjs.org/tar-stream 96ms (cache revalidated)
npm http fetch GET 200 https://registry.npmjs.org/follow-redirects 103ms (cache revalidated)
npm http fetch GET 200 https://registry.npmjs.org/readdir-glob 110ms (cache revalidated)
npm http fetch GET 200 https://registry.npmjs.org/zip-stream 115ms (cache revalidated)
npm http fetch GET 200 https://registry.npmjs.org/ps-tree 99ms (cache revalidated)
npm http fetch GET 200 https://registry.npmjs.org/agent-base 91ms (cache revalidated)
npm http fetch GET 200 https://registry.npmjs.org/https-proxy-agent 88ms (cache revalidated)
npm http fetch GET 200 https://registry.npmjs.org/@babel%2fruntime 137ms (cache revalidated)
npm http fetch GET 200 https://registry.npmjs.org/is-retry-allowed 151ms (cache revalidated)
npm http fetch GET 200 https://registry.npmjs.org/temp-fs 149ms (cache revalidated)
npm http fetch GET 200 https://registry.npmjs.org/is-running 141ms (cache revalidated)
npm http fetch GET 200 https://registry.npmjs.org/string-width 110ms (cache revalidated)
npm http fetch GET 200 https://registry.npmjs.org/decompress-tar 114ms (cache revalidated)
npm http fetch GET 200 https://registry.npmjs.org/decompress-unzip 84ms (cache revalidated)
npm http fetch GET 200 https://registry.npmjs.org/graceful-fs 88ms (cache revalidated)
npm http fetch GET 200 https://registry.npmjs.org/ansi-styles 147ms (cache revalidated)
npm http fetch GET 200 https://registry.npmjs.org/decompress-tarbz2 103ms (cache revalidated)
npm http fetch GET 200 https://registry.npmjs.org/decompress-targz 104ms (cache revalidated)
npm http fetch GET 200 https://registry.npmjs.org/make-dir 90ms (cache revalidated)
npm http fetch GET 200 https://registry.npmjs.org/pify 94ms (cache revalidated)
npm http fetch GET 200 https://registry.npmjs.org/strip-dirs 85ms (cache revalidated)
npm http fetch GET 200 https://registry.npmjs.org/mime-types 86ms (cache revalidated)
npm http fetch GET 200 https://registry.npmjs.org/combined-stream 171ms (cache revalidated)
npm http fetch GET 200 https://registry.npmjs.org/asynckit 196ms (cache revalidated)
npm http fetch GET 200 https://registry.npmjs.org/hasown 200ms (cache revalidated)
npm http fetch GET 200 https://registry.npmjs.org/es-set-tostringtag 164ms (cache revalidated)
npm http fetch GET 200 https://registry.npmjs.org/jsonfile 163ms (cache revalidated)
npm http fetch GET 200 https://registry.npmjs.org/universalify 165ms (cache revalidated)
npm http fetch GET 200 https://registry.npmjs.org/once 62ms (cache revalidated)
npm http fetch GET 200 https://registry.npmjs.org/ini 114ms (cache revalidated)
npm http fetch GET 200 https://registry.npmjs.org/@types%2fnode 170ms (cache revalidated)
npm http fetch GET 200 https://registry.npmjs.org/inflight 284ms (cache revalidated)
npm http fetch GET 200 https://registry.npmjs.org/fs.realpath 239ms (cache revalidated)
npm http fetch GET 200 https://registry.npmjs.org/inherits 253ms (cache revalidated)
npm http fetch GET 200 https://registry.npmjs.org/minimatch 251ms (cache revalidated)
npm http fetch GET 200 https://registry.npmjs.org/path-is-absolute 302ms (cache revalidated)
npm http fetch GET 200 https://registry.npmjs.org/ms 110ms (cache revalidated)
npm http fetch GET 200 https://registry.npmjs.org/js-yaml 101ms (cache revalidated)
npm http fetch GET 200 https://registry.npmjs.org/he 294ms (cache revalidated)
npm http fetch GET 200 https://registry.npmjs.org/find-up 111ms (cache revalidated)
npm http fetch GET 200 https://registry.npmjs.org/diff 121ms (cache revalidated)
npm http fetch GET 200 https://registry.npmjs.org/chokidar 118ms (cache revalidated)
npm http fetch GET 200 https://registry.npmjs.org/workerpool 61ms (cache revalidated)
npm http fetch GET 200 https://registry.npmjs.org/browser-stdout 82ms (cache revalidated)
npm http fetch GET 200 https://registry.npmjs.org/ansi-colors 101ms (cache revalidated)
npm http fetch GET 200 https://registry.npmjs.org/yargs-parser 101ms (cache revalidated)
npm http fetch GET 200 https://registry.npmjs.org/strip-json-comments 94ms (cache revalidated)
npm http fetch GET 200 https://registry.npmjs.org/yargs-unparser 101ms (cache revalidated)
npm http fetch GET 200 https://registry.npmjs.org/serialize-javascript 82ms (cache revalidated)
npm http fetch GET 200 https://registry.npmjs.org/escape-string-regexp 98ms (cache revalidated)
npm http fetch GET 200 https://registry.npmjs.org/js-queue 131ms (cache revalidated)
npm http fetch GET 200 https://registry.npmjs.org/event-pubsub 115ms (cache revalidated)
npm http fetch GET 200 https://registry.npmjs.org/get-tsconfig 103ms (cache revalidated)
npm http fetch GET 200 https://registry.npmjs.org/globby 107ms (cache revalidated)
npm http fetch GET 200 https://registry.npmjs.org/ajv 126ms (cache revalidated)
npm http fetch GET 200 https://registry.npmjs.org/slice-ansi 134ms (cache revalidated)
npm http fetch GET 200 https://registry.npmjs.org/js-message 149ms (cache revalidated)
npm http fetch GET 200 https://registry.npmjs.org/normalize-path 96ms (cache revalidated)
npm http fetch GET 200 https://registry.npmjs.org/boxen 73ms (cache revalidated)
npm http fetch GET 200 https://registry.npmjs.org/pupa 85ms (cache revalidated)
npm http fetch GET 200 https://registry.npmjs.org/duplexer2 103ms (cache revalidated)
npm http fetch GET 200 https://registry.npmjs.org/mylas 125ms (cache revalidated)
npm http fetch GET 200 https://registry.npmjs.org/node-int64 100ms (cache revalidated)
npm http fetch GET 200 https://registry.npmjs.org/plimit-lit 131ms (cache revalidated)
npm http fetch GET 200 https://registry.npmjs.org/is-in-ci 95ms (cache revalidated)
npm http fetch GET 200 https://registry.npmjs.org/semver-diff 90ms (cache revalidated)
npm http fetch GET 200 https://registry.npmjs.org/latest-version 85ms (cache revalidated)
npm http fetch GET 200 https://registry.npmjs.org/xdg-basedir 102ms (cache revalidated)
npm http fetch GET 200 https://registry.npmjs.org/configstore 119ms (cache revalidated)
npm http fetch GET 200 https://registry.npmjs.org/import-lazy 124ms (cache revalidated)
npm http fetch GET 200 https://registry.npmjs.org/is-npm 146ms (cache revalidated)
npm http fetch GET 200 https://registry.npmjs.org/cycle 85ms (cache revalidated)
npm http fetch GET 200 https://registry.npmjs.org/isstream 92ms (cache revalidated)
npm http fetch GET 200 https://registry.npmjs.org/eyes 112ms (cache revalidated)
npm http fetch GET 200 https://registry.npmjs.org/stack-trace 92ms (cache revalidated)
npm http fetch GET 200 https://registry.npmjs.org/colors 107ms (cache revalidated)
npm http fetch GET 200 https://registry.npmjs.org/cliui 92ms (cache revalidated)
npm http fetch GET 200 https://registry.npmjs.org/y18n 105ms (cache revalidated)
npm http fetch GET 200 https://registry.npmjs.org/decamelize 73ms (cache revalidated)
npm http fetch GET 200 https://registry.npmjs.org/require-main-filename 89ms (cache revalidated)
npm http fetch GET 200 https://registry.npmjs.org/which-module 106ms (cache revalidated)
npm http fetch GET 200 https://registry.npmjs.org/get-caller-file 110ms (cache revalidated)
npm http fetch GET 200 https://registry.npmjs.org/set-blocking 120ms (cache revalidated)
npm http fetch GET 200 https://registry.npmjs.org/require-directory 109ms (cache revalidated)
npm http fetch GET 200 https://registry.npmjs.org/lazystream 57ms (cache revalidated)
npm http fetch GET 200 https://registry.npmjs.org/lodash.defaults 63ms (cache revalidated)
npm http fetch GET 200 https://registry.npmjs.org/lodash.flatten 66ms (cache revalidated)
npm http fetch GET 200 https://registry.npmjs.org/lodash.difference 68ms (cache revalidated)
npm http fetch GET 200 https://registry.npmjs.org/string_decoder 67ms (cache revalidated)
npm http fetch GET 200 https://registry.npmjs.org/lodash.union 85ms (cache revalidated)
npm http fetch GET 200 https://registry.npmjs.org/lodash.isplainobject 119ms (cache revalidated)
npm http fetch GET 200 https://registry.npmjs.org/util-deprecate 75ms (cache revalidated)
npm http fetch GET 200 https://registry.npmjs.org/compress-commons 70ms (cache revalidated)
npm http fetch GET 200 https://registry.npmjs.org/fs-constants 79ms (cache revalidated)
npm http fetch GET 200 https://registry.npmjs.org/bl 84ms (cache revalidated)
npm http fetch GET 200 https://registry.npmjs.org/end-of-stream 82ms (cache revalidated)
npm http fetch GET 200 https://registry.npmjs.org/core-util-is 61ms (cache revalidated)
npm http fetch GET 200 https://registry.npmjs.org/isarray 66ms (cache revalidated)
npm http fetch GET 200 https://registry.npmjs.org/safe-buffer 75ms (cache revalidated)
npm http fetch GET 200 https://registry.npmjs.org/process-nextick-args 78ms (cache revalidated)
npm http fetch GET 200 https://registry.npmjs.org/event-stream 45ms (cache revalidated)
npm http fetch GET 200 https://registry.npmjs.org/rimraf 50ms (cache revalidated)
npm http fetch GET 200 https://registry.npmjs.org/has-flag 52ms (cache revalidated)
npm http fetch GET 200 https://registry.npmjs.org/color-convert 136ms (cache revalidated)
npm http fetch GET 200 https://registry.npmjs.org/color-name 79ms (cache revalidated)
npm http fetch GET 200 https://registry.npmjs.org/emoji-regex 61ms (cache revalidated)
npm http fetch GET 200 https://registry.npmjs.org/strip-ansi 74ms (cache revalidated)
npm http fetch GET 200 https://registry.npmjs.org/is-fullwidth-code-point 74ms (cache revalidated)
npm http fetch GET 200 https://registry.npmjs.org/caseless 58ms (cache revalidated)
npm http fetch GET 200 https://registry.npmjs.org/extend 64ms (cache revalidated)
npm http fetch GET 200 https://registry.npmjs.org/aws4 76ms (cache revalidated)
npm http fetch GET 200 https://registry.npmjs.org/http-signature 83ms (cache revalidated)
npm http fetch GET 200 https://registry.npmjs.org/is-typedarray 88ms (cache revalidated)
npm http fetch GET 200 https://registry.npmjs.org/aws-sign2 97ms (cache revalidated)
npm http fetch GET 200 https://registry.npmjs.org/forever-agent 98ms (cache revalidated)
npm http fetch GET 200 https://registry.npmjs.org/performance-now 88ms (cache revalidated)
npm http fetch GET 200 https://registry.npmjs.org/tough-cookie 72ms (cache revalidated)
npm http fetch GET 200 https://registry.npmjs.org/json-stringify-safe 104ms (cache revalidated)
npm http fetch GET 200 https://registry.npmjs.org/qs 88ms (cache revalidated)
npm http fetch GET 200 https://registry.npmjs.org/lodash.once 86ms (cache revalidated)
npm http fetch GET 200 https://registry.npmjs.org/tunnel-agent 93ms (cache revalidated)
npm http fetch GET 200 https://registry.npmjs.org/base64-js 88ms (cache revalidated)
npm http fetch GET 200 https://registry.npmjs.org/ieee754 98ms (cache revalidated)
npm http fetch GET 200 https://registry.npmjs.org/cross-spawn 77ms (cache revalidated)
npm http fetch GET 200 https://registry.npmjs.org/get-stream 85ms (cache revalidated)
npm http fetch GET 200 https://registry.npmjs.org/is-stream 91ms (cache revalidated)
npm http fetch GET 200 https://registry.npmjs.org/restore-cursor 115ms (cache revalidated)
npm http fetch GET 200 https://registry.npmjs.org/onetime 107ms (cache revalidated)
npm http fetch GET 200 https://registry.npmjs.org/@colors%2fcolors 121ms (cache revalidated)
npm http fetch GET 200 https://registry.npmjs.org/strip-final-newline 67ms (cache revalidated)
npm http fetch GET 200 https://registry.npmjs.org/human-signals 74ms (cache revalidated)
npm http fetch GET 200 https://registry.npmjs.org/signal-exit 96ms (cache revalidated)
npm http fetch GET 200 https://registry.npmjs.org/npm-run-path 91ms (cache revalidated)
npm http fetch GET 200 https://registry.npmjs.org/@types%2fyauzl 84ms (cache revalidated)
npm http fetch GET 200 https://registry.npmjs.org/at-least-node 90ms (cache revalidated)
npm http fetch GET 200 https://registry.npmjs.org/merge-stream 119ms (cache revalidated)
npm http fetch GET 200 https://registry.npmjs.org/global-dirs 66ms (cache revalidated)
npm http fetch GET 200 https://registry.npmjs.org/rfdc 77ms (cache revalidated)
npm http fetch GET 200 https://registry.npmjs.org/through 58ms (cache revalidated)
npm http fetch GET 200 https://registry.npmjs.org/p-map 83ms (cache revalidated)
npm http fetch GET 200 https://registry.npmjs.org/colorette 67ms (cache revalidated)
npm http fetch GET 200 https://registry.npmjs.org/rxjs 95ms (cache revalidated)
npm http fetch GET 200 https://registry.npmjs.org/wrap-ansi 60ms (cache revalidated)
npm http fetch GET 200 https://registry.npmjs.org/cli-truncate 48ms (cache revalidated)
npm http fetch GET 200 https://registry.npmjs.org/log-update 55ms (cache revalidated)
npm http fetch GET 200 https://registry.npmjs.org/throttleit 65ms (cache revalidated)
npm http fetch GET 200 https://registry.npmjs.org/fd-slicer 61ms (cache revalidated)
npm http fetch GET 200 https://registry.npmjs.org/is-unicode-supported 93ms (cache revalidated)
npm http fetch GET 200 https://registry.npmjs.org/is-path-inside 709ms (cache revalidated)
npm http fetch GET 200 https://registry.npmjs.org/delayed-stream 58ms (cache revalidated)
npm http fetch GET 200 https://registry.npmjs.org/jsprim 62ms (cache revalidated)
npm http fetch GET 200 https://registry.npmjs.org/mime-db 65ms (cache revalidated)
npm http fetch GET 200 https://registry.npmjs.org/sshpk 71ms (cache revalidated)
npm http fetch GET 200 https://registry.npmjs.org/assert-plus 75ms (cache revalidated)
npm http fetch GET 200 https://registry.npmjs.org/side-channel 90ms (cache revalidated)
npm http fetch GET 200 https://registry.npmjs.org/tldts 104ms (cache revalidated)
npm http fetch GET 200 https://registry.npmjs.org/unbzip2-stream 65ms (cache revalidated)
npm http fetch GET 200 https://registry.npmjs.org/file-type 70ms (cache revalidated)
npm http fetch GET 200 https://registry.npmjs.org/file-type 77ms (cache revalidated)
npm http fetch GET 200 https://registry.npmjs.org/file-type 85ms (cache revalidated)
npm http fetch GET 200 https://registry.npmjs.org/is-natural-number 87ms (cache revalidated)
npm http fetch GET 200 https://registry.npmjs.org/file-type 94ms (cache revalidated)
npm http fetch GET 200 https://registry.npmjs.org/seek-bzip 101ms (cache revalidated)
npm http fetch GET 200 https://registry.npmjs.org/to-buffer 43ms (cache revalidated)
npm http fetch GET 200 https://registry.npmjs.org/xtend 52ms (cache revalidated)
npm http fetch GET 200 https://registry.npmjs.org/buffer-alloc 703ms (cache revalidated)
npm http fetch GET 200 https://registry.npmjs.org/object-assign 44ms (cache revalidated)
npm http fetch GET 200 https://registry.npmjs.org/pinkie-promise 59ms (cache revalidated)
npm http fetch GET 200 https://registry.npmjs.org/ansi-regex 47ms (cache revalidated)
npm http fetch GET 200 https://registry.npmjs.org/which 67ms (cache revalidated)
npm http fetch GET 200 https://registry.npmjs.org/mimic-fn 66ms (cache revalidated)
npm http fetch GET 200 https://registry.npmjs.org/pump 68ms (cache revalidated)
npm http fetch GET 200 https://registry.npmjs.org/shebang-command 71ms (cache revalidated)
npm http fetch GET 200 https://registry.npmjs.org/path-key 73ms (cache revalidated)
npm http fetch GET 200 https://registry.npmjs.org/path-key 122ms (cache revalidated)
npm http fetch GET 200 https://registry.npmjs.org/isexe 68ms (cache revalidated)
npm http fetch GET 200 https://registry.npmjs.org/shebang-regex 73ms (cache revalidated)
npm http cache https://registry.npmjs.org/@types%2fnode 30ms (cache hit)
npm http fetch GET 200 https://registry.npmjs.org/undici-types 66ms (cache revalidated)
npm http fetch GET 200 https://registry.npmjs.org/get-intrinsic 65ms (cache revalidated)
npm http fetch GET 200 https://registry.npmjs.org/has-tostringtag 73ms (cache revalidated)
npm http fetch GET 200 https://registry.npmjs.org/function-bind 101ms (cache revalidated)
npm http fetch GET 200 https://registry.npmjs.org/es-errors 115ms (cache revalidated)
npm http fetch GET 200 https://registry.npmjs.org/has-symbols 71ms (cache revalidated)
npm http fetch GET 200 https://registry.npmjs.org/call-bind-apply-helpers 73ms (cache revalidated)
npm http fetch GET 200 https://registry.npmjs.org/gopd 85ms (cache revalidated)
npm http fetch GET 200 https://registry.npmjs.org/get-proto 109ms (cache revalidated)
npm http fetch GET 200 https://registry.npmjs.org/es-object-atoms 109ms (cache revalidated)
npm http fetch GET 200 https://registry.npmjs.org/es-define-property 107ms (cache revalidated)
npm http fetch GET 200 https://registry.npmjs.org/math-intrinsics 110ms (cache revalidated)
npm http fetch GET 200 https://registry.npmjs.org/dunder-proto 61ms (cache revalidated)
npm http fetch GET 200 https://registry.npmjs.org/pinkie 66ms (cache revalidated)
npm http fetch GET 200 https://registry.npmjs.org/wrappy 71ms (cache revalidated)
npm http fetch GET 200 https://registry.npmjs.org/brace-expansion 77ms (cache revalidated)
npm http fetch GET 200 https://registry.npmjs.org/wrappy 87ms (cache revalidated)
npm http fetch GET 200 https://registry.npmjs.org/verror 67ms (cache revalidated)
npm http fetch GET 200 https://registry.npmjs.org/asn1 90ms (cache revalidated)
npm http fetch GET 200 https://registry.npmjs.org/json-schema 98ms (cache revalidated)
npm http fetch GET 200 https://registry.npmjs.org/getpass 101ms (cache revalidated)
npm http fetch GET 200 https://registry.npmjs.org/dashdash 103ms (cache revalidated)
npm http fetch GET 200 https://registry.npmjs.org/extsprintf 108ms (cache revalidated)
npm http fetch GET 200 https://registry.npmjs.org/jsbn 108ms (cache revalidated)
npm http fetch GET 200 https://registry.npmjs.org/bcrypt-pbkdf 57ms (cache revalidated)
npm http fetch GET 200 https://registry.npmjs.org/ecc-jsbn 87ms (cache revalidated)
npm http fetch GET 200 https://registry.npmjs.org/safer-buffer 56ms (cache revalidated)
npm http fetch GET 200 https://registry.npmjs.org/tweetnacl 76ms (cache revalidated)
npm http fetch GET 200 https://registry.npmjs.org/ansi-escapes 76ms (cache revalidated)
npm http fetch GET 200 https://registry.npmjs.org/tslib 88ms (cache revalidated)
npm http fetch GET 200 https://registry.npmjs.org/aggregate-error 100ms (cache revalidated)
npm http fetch GET 200 https://registry.npmjs.org/astral-regex 86ms (cache revalidated)
npm http fetch GET 200 https://registry.npmjs.org/type-fest 72ms (cache revalidated)
npm http fetch GET 200 https://registry.npmjs.org/concat-map 80ms (cache revalidated)
npm http fetch GET 200 https://registry.npmjs.org/balanced-match 95ms (cache revalidated)
npm http fetch GET 200 https://registry.npmjs.org/is-glob 84ms (cache revalidated)
npm http fetch GET 200 https://registry.npmjs.org/readdirp 93ms (cache revalidated)
npm http fetch GET 200 https://registry.npmjs.org/glob-parent 102ms (cache revalidated)
npm http fetch GET 200 https://registry.npmjs.org/fsevents 108ms (cache revalidated)
npm http fetch GET 200 https://registry.npmjs.org/is-binary-path 118ms (cache revalidated)
npm http fetch GET 200 https://registry.npmjs.org/braces 125ms (cache revalidated)
npm http fetch GET 200 https://registry.npmjs.org/anymatch 130ms (cache revalidated)
npm http fetch GET 200 https://registry.npmjs.org/path-exists 97ms (cache revalidated)
npm http fetch GET 200 https://registry.npmjs.org/locate-path 116ms (cache revalidated)
npm http fetch GET 200 https://registry.npmjs.org/argparse 104ms (cache revalidated)
npm http fetch GET 200 https://registry.npmjs.org/randombytes 103ms (cache revalidated)
npm http fetch GET 200 https://registry.npmjs.org/camelcase 94ms (cache revalidated)
npm http fetch GET 200 https://registry.npmjs.org/escalade 104ms (cache revalidated)
npm http fetch GET 200 https://registry.npmjs.org/flat 94ms (cache revalidated)
npm http fetch GET 200 https://registry.npmjs.org/is-plain-obj 71ms (cache revalidated)
npm http fetch GET 200 https://registry.npmjs.org/picomatch 93ms (cache revalidated)
npm http fetch GET 200 https://registry.npmjs.org/picomatch 106ms (cache revalidated)
npm http fetch GET 200 https://registry.npmjs.org/fill-range 117ms (cache revalidated)
npm http fetch GET 200 https://registry.npmjs.org/binary-extensions 121ms (cache revalidated)
npm http fetch GET 200 https://registry.npmjs.org/is-extglob 121ms (cache revalidated)
npm http fetch GET 200 https://registry.npmjs.org/to-regex-range 59ms (cache revalidated)
npm http fetch GET 200 https://registry.npmjs.org/is-number 92ms (cache revalidated)
npm http fetch GET 200 https://registry.npmjs.org/p-locate 70ms (cache revalidated)
npm http fetch GET 200 https://registry.npmjs.org/p-limit 68ms (cache revalidated)
npm http fetch GET 200 https://registry.npmjs.org/easy-stack 681ms (cache revalidated)
npm http fetch GET 200 https://registry.npmjs.org/yocto-queue 67ms (cache revalidated)
npm http fetch GET 200 https://registry.npmjs.org/indent-string 120ms (cache revalidated)
npm http fetch GET 200 https://registry.npmjs.org/clean-stack 128ms (cache revalidated)
npm http fetch GET 200 https://registry.npmjs.org/duplexer 90ms (cache revalidated)
npm http fetch GET 200 https://registry.npmjs.org/from 93ms (cache revalidated)
npm http fetch GET 200 https://registry.npmjs.org/stream-combiner 97ms (cache revalidated)
npm http fetch GET 200 https://registry.npmjs.org/pause-stream 100ms (cache revalidated)
npm http fetch GET 200 https://registry.npmjs.org/map-stream 102ms (cache revalidated)
npm http fetch GET 200 https://registry.npmjs.org/split 102ms (cache revalidated)
npm http fetch GET 200 https://registry.npmjs.org/side-channel-map 85ms (cache revalidated)
npm http fetch GET 200 https://registry.npmjs.org/side-channel-list 98ms (cache revalidated)
npm http fetch GET 200 https://registry.npmjs.org/side-channel-weakmap 100ms (cache revalidated)
npm http fetch GET 200 https://registry.npmjs.org/object-inspect 106ms (cache revalidated)
npm http fetch GET 200 https://registry.npmjs.org/call-bound 69ms (cache revalidated)
npm http fetch GET 200 https://registry.npmjs.org/call-bound 78ms (cache revalidated)
npm http fetch GET 200 https://registry.npmjs.org/fast-json-stable-stringify 57ms (cache revalidated)
npm http fetch GET 200 https://registry.npmjs.org/json-schema-traverse 64ms (cache revalidated)
npm http fetch GET 200 https://registry.npmjs.org/fast-deep-equal 65ms (cache revalidated)
npm http fetch GET 200 https://registry.npmjs.org/uri-js 70ms (cache revalidated)
npm http fetch GET 200 https://registry.npmjs.org/punycode 81ms (cache revalidated)
npm http fetch GET 200 https://registry.npmjs.org/tldts-core 81ms (cache revalidated)
npm http fetch GET 200 https://registry.npmjs.org/slash 98ms (cache revalidated)
npm http fetch GET 200 https://registry.npmjs.org/ignore 107ms (cache revalidated)
npm http fetch GET 200 https://registry.npmjs.org/resolve-pkg-maps 116ms (cache revalidated)
npm http fetch GET 200 https://registry.npmjs.org/array-union 112ms (cache revalidated)
npm http fetch GET 200 https://registry.npmjs.org/dir-glob 114ms (cache revalidated)
npm http fetch GET 200 https://registry.npmjs.org/fast-glob 117ms (cache revalidated)
npm http fetch GET 200 https://registry.npmjs.org/merge2 123ms (cache revalidated)
npm http fetch GET 200 https://registry.npmjs.org/queue-lit 659ms (cache revalidated)
npm http fetch GET 200 https://registry.npmjs.org/path-type 68ms (cache revalidated)
npm http fetch GET 200 https://registry.npmjs.org/@nodelib%2ffs.walk 68ms (cache revalidated)
npm http fetch GET 200 https://registry.npmjs.org/@nodelib%2ffs.stat 74ms (cache revalidated)
npm http fetch GET 200 https://registry.npmjs.org/micromatch 82ms (cache revalidated)
npm http fetch GET 200 https://registry.npmjs.org/fastq 42ms (cache revalidated)
npm http fetch GET 200 https://registry.npmjs.org/@nodelib%2ffs.scandir 82ms (cache revalidated)
npm http fetch GET 200 https://registry.npmjs.org/run-parallel 55ms (cache revalidated)
npm http fetch GET 200 https://registry.npmjs.org/reusify 57ms (cache revalidated)
npm http fetch GET 200 https://registry.npmjs.org/queue-microtask 49ms (cache revalidated)
npm http fetch GET 200 https://registry.npmjs.org/ansi-align 56ms (cache revalidated)
npm http fetch GET 200 https://registry.npmjs.org/dot-prop 58ms (cache revalidated)
npm http fetch GET 200 https://registry.npmjs.org/cli-boxes 62ms (cache revalidated)
npm http fetch GET 200 https://registry.npmjs.org/package-json 64ms (cache revalidated)
npm http fetch GET 200 https://registry.npmjs.org/unique-string 67ms (cache revalidated)
npm http fetch GET 200 https://registry.npmjs.org/widest-line 74ms (cache revalidated)
npm http fetch GET 200 https://registry.npmjs.org/write-file-atomic 72ms (cache revalidated)
npm http fetch GET 200 https://registry.npmjs.org/escape-goat 52ms (cache revalidated)
npm http fetch GET 200 https://registry.npmjs.org/eastasianwidth 53ms (cache revalidated)
npm http fetch GET 200 https://registry.npmjs.org/imurmurhash 46ms (cache revalidated)
npm http fetch GET 200 https://registry.npmjs.org/typedarray-to-buffer 60ms (cache revalidated)
npm http fetch GET 200 https://registry.npmjs.org/is-obj 64ms (cache revalidated)
npm http fetch GET 200 https://registry.npmjs.org/crypto-random-string 63ms (cache revalidated)
npm http fetch GET 200 https://registry.npmjs.org/registry-auth-token 52ms (cache revalidated)
npm http fetch GET 200 https://registry.npmjs.org/registry-url 62ms (cache revalidated)
npm http fetch GET 200 https://registry.npmjs.org/got 84ms (cache revalidated)
npm http fetch GET 200 https://registry.npmjs.org/p-cancelable 49ms (cache revalidated)
npm http fetch GET 200 https://registry.npmjs.org/responselike 54ms (cache revalidated)
npm http fetch GET 200 https://registry.npmjs.org/lowercase-keys 64ms (cache revalidated)
npm http fetch GET 200 https://registry.npmjs.org/cacheable-request 65ms (cache revalidated)
npm http fetch GET 200 https://registry.npmjs.org/http2-wrapper 73ms (cache revalidated)
npm http fetch GET 200 https://registry.npmjs.org/cacheable-lookup 79ms (cache revalidated)
npm http fetch GET 200 https://registry.npmjs.org/form-data-encoder 44ms (cache revalidated)
npm http fetch GET 200 https://registry.npmjs.org/@sindresorhus%2fis 103ms (cache revalidated)
npm http fetch GET 200 https://registry.npmjs.org/decompress-response 60ms (cache revalidated)
npm http fetch GET 200 https://registry.npmjs.org/@szmarczak%2fhttp-timer 76ms (cache revalidated)
npm http fetch GET 200 https://registry.npmjs.org/rc 67ms (cache revalidated)
npm http fetch GET 200 https://registry.npmjs.org/@pnpm%2fnpm-conf 72ms (cache revalidated)
npm http fetch GET 200 https://registry.npmjs.org/mimic-response 49ms (cache revalidated)
npm http fetch GET 200 https://registry.npmjs.org/mimic-response 54ms (cache revalidated)
npm http fetch GET 200 https://registry.npmjs.org/normalize-url 56ms (cache revalidated)
npm http fetch GET 200 https://registry.npmjs.org/defer-to-connect 66ms (cache revalidated)
npm http fetch GET 200 https://registry.npmjs.org/http-cache-semantics 66ms (cache revalidated)
npm http fetch GET 200 https://registry.npmjs.org/@types%2fhttp-cache-semantics 89ms (cache revalidated)
npm http fetch GET 200 https://registry.npmjs.org/keyv 103ms (cache revalidated)
npm http fetch GET 200 https://registry.npmjs.org/quick-lru 70ms (cache revalidated)
npm http fetch GET 200 https://registry.npmjs.org/resolve-alpn 67ms (cache revalidated)
npm http fetch GET 200 https://registry.npmjs.org/json-buffer 41ms (cache revalidated)
npm http fetch GET 200 https://registry.npmjs.org/config-chain 55ms (cache revalidated)
npm http fetch GET 200 https://registry.npmjs.org/@pnpm%2fnetwork.ca-file 75ms (cache revalidated)
npm http fetch GET 200 https://registry.npmjs.org/@pnpm%2fconfig.env-replace 249ms (cache revalidated)
npm http fetch GET 200 https://registry.npmjs.org/proto-list 52ms (cache revalidated)
npm http fetch GET 200 https://registry.npmjs.org/deep-extend 55ms (cache revalidated)
npm http fetch GET 200 https://registry.npmjs.org/pend 51ms (cache revalidated)
npm http fetch GET 200 https://registry.npmjs.org/crc32-stream 75ms (cache revalidated)
npm http fetch GET 200 https://registry.npmjs.org/crc-32 85ms (cache revalidated)
npm http fetch GET 200 https://registry.npmjs.org/typed-array-buffer 55ms (cache revalidated)
npm http fetch GET 200 https://registry.npmjs.org/buffer-fill 58ms (cache revalidated)
npm http fetch GET 200 https://registry.npmjs.org/buffer-alloc-unsafe 83ms (cache revalidated)
npm http fetch GET 200 https://registry.npmjs.org/is-typed-array 51ms (cache revalidated)
npm http fetch GET 200 https://registry.npmjs.org/which-typed-array 47ms (cache revalidated)
npm http fetch GET 200 https://registry.npmjs.org/for-each 50ms (cache revalidated)
npm http fetch GET 200 https://registry.npmjs.org/call-bind 52ms (cache revalidated)
npm http fetch GET 200 https://registry.npmjs.org/available-typed-arrays 63ms (cache revalidated)
npm http fetch GET 200 https://registry.npmjs.org/possible-typed-array-names 57ms (cache revalidated)
npm http fetch GET 200 https://registry.npmjs.org/is-callable 61ms (cache revalidated)
npm http fetch GET 200 https://registry.npmjs.org/set-function-length 80ms (cache revalidated)
npm http fetch GET 200 https://registry.npmjs.org/has-property-descriptors 50ms (cache revalidated)
npm http fetch GET 200 https://registry.npmjs.org/define-data-property 54ms (cache revalidated)
npm http fetch GET 200 https://registry.npmjs.org/p-try 96ms (cache revalidated)
npm verbose stack HttpErrorGeneral: 404 Not Found - GET https://registry.npmjs.org/add-your-npm-package-1-for-test-run-here - Not found
npm verbose stack     at C:\Program Files\nodejs\node_modules\npm\node_modules\npm-registry-fetch\lib\check-response.js:103:15
npm verbose stack     at process.processTicksAndRejections (node:internal/process/task_queues:105:5)
npm verbose stack     at async RegistryFetcher.packument (C:\Program Files\nodejs\node_modules\npm\node_modules\pacote\lib\registry.js:90:19)
npm verbose stack     at async RegistryFetcher.manifest (C:\Program Files\nodejs\node_modules\npm\node_modules\pacote\lib\registry.js:128:23)
npm verbose stack     at async #fetchManifest (C:\Program Files\nodejs\node_modules\npm\node_modules\@npmcli\arborist\lib\arborist\build-ideal-tree.js:1202:20)
npm verbose stack     at async #nodeFromEdge (C:\Program Files\nodejs\node_modules\npm\node_modules\@npmcli\arborist\lib\arborist\build-ideal-tree.js:1040:19)
npm verbose stack     at async #buildDepStep (C:\Program Files\nodejs\node_modules\npm\node_modules\@npmcli\arborist\lib\arborist\build-ideal-tree.js:904:11)
npm verbose stack     at async Arborist.buildIdealTree (C:\Program Files\nodejs\node_modules\npm\node_modules\@npmcli\arborist\lib\arborist\build-ideal-tree.js:181:7)
npm verbose stack     at async Promise.all (index 1)
npm verbose stack     at async Arborist.reify (C:\Program Files\nodejs\node_modules\npm\node_modules\@npmcli\arborist\lib\arborist\reify.js:131:5)
npm verbose statusCode 404
npm verbose pkgid add-your-npm-package-1-for-test-run-here@npm-package-version
npm error code E404
npm error 404 Not Found - GET https://registry.npmjs.org/add-your-npm-package-1-for-test-run-here - Not found
npm error 404
npm error 404  'add-your-npm-package-1-for-test-run-here@npm-package-version' is not in this registry.
npm error 404
npm error 404 Note that you can also install from a
npm error 404 tarball, folder, http url, or git url.
npm verbose cwd C:\Users\Beatriz S Correa\Documents\Pós-graduação em Automação de Testes de Software  2025\Automação de Testes na Camada de Interface (Web)\automacao-de-teste-web\tmpBstackPackages
npm verbose os Windows_NT 10.0.26100
npm verbose node v22.15.1
npm verbose npm  v10.9.2
npm verbose exit 1
npm verbose code 1
npm error A complete log of this run can be found in: C:\Users\Beatriz S Correa\AppData\Local\npm-cache\_logs\2025-10-20T19_40_25_670Z-debug-0.log
